2025-06-08 11:20:08,355 DEBUG o.s.c.a.ClassPathScanningCandidateComponentProvider [main] Identified candidate component class: file [/Applications/Projects/springcoreproject/build/classes/java/main/com/springcore/annotation/bean/Account.class]
2025-06-08 11:20:08,365 DEBUG o.s.c.a.ClassPathScanningCandidateComponentProvider [main] Identified candidate component class: file [/Applications/Projects/springcoreproject/build/classes/java/main/com/springcore/javabasedconfig/ApplicationConfig.class]
2025-06-08 11:20:08,372 DEBUG o.s.c.s.AbstractApplicationContext [main] Refreshing org.springframework.context.annotation.AnnotationConfigApplicationContext@1e683a3e
2025-06-08 11:20:08,387 DEBUG o.s.b.f.s.DefaultSingletonBeanRegistry [main] Creating shared instance of singleton bean 'org.springframework.context.annotation.internalConfigurationAnnotationProcessor'
2025-06-08 11:20:08,451 DEBUG o.s.b.f.s.DefaultSingletonBeanRegistry [main] Creating shared instance of singleton bean 'org.springframework.context.event.internalEventListenerProcessor'
2025-06-08 11:20:08,453 DEBUG o.s.b.f.s.DefaultSingletonBeanRegistry [main] Creating shared instance of singleton bean 'org.springframework.context.event.internalEventListenerFactory'
2025-06-08 11:20:08,453 DEBUG o.s.b.f.s.DefaultSingletonBeanRegistry [main] Creating shared instance of singleton bean 'org.springframework.context.annotation.internalAutowiredAnnotationProcessor'
2025-06-08 11:20:08,460 DEBUG o.s.b.f.s.DefaultSingletonBeanRegistry [main] Creating shared instance of singleton bean 'account'
2025-06-08 11:20:08,461 DEBUG o.s.b.f.s.DefaultSingletonBeanRegistry [main] Creating shared instance of singleton bean 'applicationConfig'
2025-06-08 11:20:08,461 DEBUG o.s.b.f.s.DefaultSingletonBeanRegistry [main] Creating shared instance of singleton bean 'date'
2025-06-08 11:20:08,478 INFO c.s.j.Main [main] Sun Jun 08 11:20:08 IST 2025
2025-06-08 11:20:18,859 DEBUG o.s.c.a.ClassPathScanningCandidateComponentProvider [main] Identified candidate component class: file [/Applications/Projects/springcoreproject/build/classes/java/main/com/springcore/annotation/bean/Account.class]
2025-06-08 11:20:18,865 DEBUG o.s.c.a.ClassPathScanningCandidateComponentProvider [main] Identified candidate component class: file [/Applications/Projects/springcoreproject/build/classes/java/main/com/springcore/javabasedconfig/ApplicationConfig.class]
2025-06-08 11:20:18,871 DEBUG o.s.c.s.AbstractApplicationContext [main] Refreshing org.springframework.context.annotation.AnnotationConfigApplicationContext@1e683a3e
2025-06-08 11:20:18,879 DEBUG o.s.b.f.s.DefaultSingletonBeanRegistry [main] Creating shared instance of singleton bean 'org.springframework.context.annotation.internalConfigurationAnnotationProcessor'
2025-06-08 11:20:18,936 DEBUG o.s.b.f.s.DefaultSingletonBeanRegistry [main] Creating shared instance of singleton bean 'org.springframework.context.event.internalEventListenerProcessor'
2025-06-08 11:20:18,938 DEBUG o.s.b.f.s.DefaultSingletonBeanRegistry [main] Creating shared instance of singleton bean 'org.springframework.context.event.internalEventListenerFactory'
2025-06-08 11:20:18,939 DEBUG o.s.b.f.s.DefaultSingletonBeanRegistry [main] Creating shared instance of singleton bean 'org.springframework.context.annotation.internalAutowiredAnnotationProcessor'
2025-06-08 11:20:18,942 DEBUG o.s.b.f.s.DefaultSingletonBeanRegistry [main] Creating shared instance of singleton bean 'account'
2025-06-08 11:20:18,943 DEBUG o.s.b.f.s.DefaultSingletonBeanRegistry [main] Creating shared instance of singleton bean 'applicationConfig'
2025-06-08 11:20:18,944 DEBUG o.s.b.f.s.DefaultSingletonBeanRegistry [main] Creating shared instance of singleton bean 'getDate'
2025-06-08 11:21:36,229 DEBUG o.s.c.a.ClassPathScanningCandidateComponentProvider [main] Identified candidate component class: file [/Applications/Projects/springcoreproject/build/classes/java/main/com/springcore/annotation/bean/Account.class]
2025-06-08 11:21:36,234 DEBUG o.s.c.a.ClassPathScanningCandidateComponentProvider [main] Identified candidate component class: file [/Applications/Projects/springcoreproject/build/classes/java/main/com/springcore/javabasedconfig/ApplicationConfig.class]
2025-06-08 11:21:36,239 DEBUG o.s.c.s.AbstractApplicationContext [main] Refreshing org.springframework.context.annotation.AnnotationConfigApplicationContext@1e683a3e
2025-06-08 11:21:36,247 DEBUG o.s.b.f.s.DefaultSingletonBeanRegistry [main] Creating shared instance of singleton bean 'org.springframework.context.annotation.internalConfigurationAnnotationProcessor'
2025-06-08 11:21:36,298 DEBUG o.s.b.f.s.DefaultSingletonBeanRegistry [main] Creating shared instance of singleton bean 'org.springframework.context.event.internalEventListenerProcessor'
2025-06-08 11:21:36,300 DEBUG o.s.b.f.s.DefaultSingletonBeanRegistry [main] Creating shared instance of singleton bean 'org.springframework.context.event.internalEventListenerFactory'
2025-06-08 11:21:36,300 DEBUG o.s.b.f.s.DefaultSingletonBeanRegistry [main] Creating shared instance of singleton bean 'org.springframework.context.annotation.internalAutowiredAnnotationProcessor'
2025-06-08 11:21:36,303 DEBUG o.s.b.f.s.DefaultSingletonBeanRegistry [main] Creating shared instance of singleton bean 'account'
2025-06-08 11:21:36,304 DEBUG o.s.b.f.s.DefaultSingletonBeanRegistry [main] Creating shared instance of singleton bean 'applicationConfig'
2025-06-08 11:21:36,305 DEBUG o.s.b.f.s.DefaultSingletonBeanRegistry [main] Creating shared instance of singleton bean 'date'
2025-06-08 11:21:36,313 INFO c.s.j.Main [main] 1310206693
2025-06-08 11:21:36,313 INFO c.s.j.Main [main] 1310206693
2025-06-08 11:21:36,313 INFO c.s.j.Main [main] 1310206693
2025-06-08 11:21:36,314 INFO c.s.j.Main [main] 1310206693
2025-06-08 11:21:58,837 DEBUG o.s.c.a.ClassPathScanningCandidateComponentProvider [main] Identified candidate component class: file [/Applications/Projects/springcoreproject/build/classes/java/main/com/springcore/annotation/bean/Account.class]
2025-06-08 11:21:58,842 DEBUG o.s.c.a.ClassPathScanningCandidateComponentProvider [main] Identified candidate component class: file [/Applications/Projects/springcoreproject/build/classes/java/main/com/springcore/javabasedconfig/ApplicationConfig.class]
2025-06-08 11:21:58,848 DEBUG o.s.c.s.AbstractApplicationContext [main] Refreshing org.springframework.context.annotation.AnnotationConfigApplicationContext@1e683a3e
2025-06-08 11:21:58,857 DEBUG o.s.b.f.s.DefaultSingletonBeanRegistry [main] Creating shared instance of singleton bean 'org.springframework.context.annotation.internalConfigurationAnnotationProcessor'
2025-06-08 11:21:58,910 DEBUG o.s.b.f.s.DefaultSingletonBeanRegistry [main] Creating shared instance of singleton bean 'org.springframework.context.event.internalEventListenerProcessor'
2025-06-08 11:21:58,912 DEBUG o.s.b.f.s.DefaultSingletonBeanRegistry [main] Creating shared instance of singleton bean 'org.springframework.context.event.internalEventListenerFactory'
2025-06-08 11:21:58,912 DEBUG o.s.b.f.s.DefaultSingletonBeanRegistry [main] Creating shared instance of singleton bean 'org.springframework.context.annotation.internalAutowiredAnnotationProcessor'
2025-06-08 11:21:58,915 DEBUG o.s.b.f.s.DefaultSingletonBeanRegistry [main] Creating shared instance of singleton bean 'account'
2025-06-08 11:21:58,916 DEBUG o.s.b.f.s.DefaultSingletonBeanRegistry [main] Creating shared instance of singleton bean 'applicationConfig'
2025-06-08 11:21:58,924 INFO c.s.j.Main [main] 1310229083
2025-06-08 11:21:58,924 INFO c.s.j.Main [main] 1310229083
2025-06-08 11:21:58,925 INFO c.s.j.Main [main] 1310229083
2025-06-08 11:21:58,925 INFO c.s.j.Main [main] 1310229082
2025-06-08 11:22:21,021 DEBUG o.s.c.a.ClassPathScanningCandidateComponentProvider [main] Identified candidate component class: file [/Applications/Projects/springcoreproject/build/classes/java/main/com/springcore/annotation/bean/Account.class]
2025-06-08 11:22:21,027 DEBUG o.s.c.a.ClassPathScanningCandidateComponentProvider [main] Identified candidate component class: file [/Applications/Projects/springcoreproject/build/classes/java/main/com/springcore/javabasedconfig/ApplicationConfig.class]
2025-06-08 11:22:21,031 DEBUG o.s.c.s.AbstractApplicationContext [main] Refreshing org.springframework.context.annotation.AnnotationConfigApplicationContext@1e683a3e
2025-06-08 11:22:21,039 DEBUG o.s.b.f.s.DefaultSingletonBeanRegistry [main] Creating shared instance of singleton bean 'org.springframework.context.annotation.internalConfigurationAnnotationProcessor'
2025-06-08 11:22:21,094 DEBUG o.s.b.f.s.DefaultSingletonBeanRegistry [main] Creating shared instance of singleton bean 'org.springframework.context.event.internalEventListenerProcessor'
2025-06-08 11:22:21,095 DEBUG o.s.b.f.s.DefaultSingletonBeanRegistry [main] Creating shared instance of singleton bean 'org.springframework.context.event.internalEventListenerFactory'
2025-06-08 11:22:21,096 DEBUG o.s.b.f.s.DefaultSingletonBeanRegistry [main] Creating shared instance of singleton bean 'org.springframework.context.annotation.internalAutowiredAnnotationProcessor'
2025-06-08 11:22:21,099 DEBUG o.s.b.f.s.DefaultSingletonBeanRegistry [main] Creating shared instance of singleton bean 'account'
2025-06-08 11:22:21,100 DEBUG o.s.b.f.s.DefaultSingletonBeanRegistry [main] Creating shared instance of singleton bean 'applicationConfig'
2025-06-08 11:22:21,109 INFO c.s.j.Main [main] 1310252003
2025-06-08 11:22:21,109 INFO c.s.j.Main [main] 1310252002
2025-06-08 11:22:21,109 INFO c.s.j.Main [main] 1310252002
2025-06-08 11:22:21,109 INFO c.s.j.Main [main] 1310252002
2025-06-08 11:22:24,357 DEBUG o.s.c.a.ClassPathScanningCandidateComponentProvider [main] Identified candidate component class: file [/Applications/Projects/springcoreproject/build/classes/java/main/com/springcore/annotation/bean/Account.class]
2025-06-08 11:22:24,362 DEBUG o.s.c.a.ClassPathScanningCandidateComponentProvider [main] Identified candidate component class: file [/Applications/Projects/springcoreproject/build/classes/java/main/com/springcore/javabasedconfig/ApplicationConfig.class]
2025-06-08 11:22:24,366 DEBUG o.s.c.s.AbstractApplicationContext [main] Refreshing org.springframework.context.annotation.AnnotationConfigApplicationContext@1e683a3e
2025-06-08 11:22:24,373 DEBUG o.s.b.f.s.DefaultSingletonBeanRegistry [main] Creating shared instance of singleton bean 'org.springframework.context.annotation.internalConfigurationAnnotationProcessor'
2025-06-08 11:22:24,428 DEBUG o.s.b.f.s.DefaultSingletonBeanRegistry [main] Creating shared instance of singleton bean 'org.springframework.context.event.internalEventListenerProcessor'
2025-06-08 11:22:24,429 DEBUG o.s.b.f.s.DefaultSingletonBeanRegistry [main] Creating shared instance of singleton bean 'org.springframework.context.event.internalEventListenerFactory'
2025-06-08 11:22:24,429 DEBUG o.s.b.f.s.DefaultSingletonBeanRegistry [main] Creating shared instance of singleton bean 'org.springframework.context.annotation.internalAutowiredAnnotationProcessor'
2025-06-08 11:22:24,432 DEBUG o.s.b.f.s.DefaultSingletonBeanRegistry [main] Creating shared instance of singleton bean 'account'
2025-06-08 11:22:24,433 DEBUG o.s.b.f.s.DefaultSingletonBeanRegistry [main] Creating shared instance of singleton bean 'applicationConfig'
2025-06-08 11:22:24,441 INFO c.s.j.Main [main] 1310254830
2025-06-08 11:22:24,442 INFO c.s.j.Main [main] 1310254829
2025-06-08 11:22:24,442 INFO c.s.j.Main [main] 1310254829
2025-06-08 11:22:24,442 INFO c.s.j.Main [main] 1310254829
2025-06-08 11:22:51,777 DEBUG o.s.c.a.ClassPathScanningCandidateComponentProvider [main] Identified candidate component class: file [/Applications/Projects/springcoreproject/build/classes/java/main/com/springcore/annotation/bean/Account.class]
2025-06-08 11:22:51,783 DEBUG o.s.c.a.ClassPathScanningCandidateComponentProvider [main] Identified candidate component class: file [/Applications/Projects/springcoreproject/build/classes/java/main/com/springcore/javabasedconfig/ApplicationConfig.class]
2025-06-08 11:22:51,789 DEBUG o.s.c.s.AbstractApplicationContext [main] Refreshing org.springframework.context.annotation.AnnotationConfigApplicationContext@1e683a3e
2025-06-08 11:22:51,797 DEBUG o.s.b.f.s.DefaultSingletonBeanRegistry [main] Creating shared instance of singleton bean 'org.springframework.context.annotation.internalConfigurationAnnotationProcessor'
2025-06-08 11:22:51,855 DEBUG o.s.b.f.s.DefaultSingletonBeanRegistry [main] Creating shared instance of singleton bean 'org.springframework.context.event.internalEventListenerProcessor'
2025-06-08 11:22:51,856 DEBUG o.s.b.f.s.DefaultSingletonBeanRegistry [main] Creating shared instance of singleton bean 'org.springframework.context.event.internalEventListenerFactory'
2025-06-08 11:22:51,857 DEBUG o.s.b.f.s.DefaultSingletonBeanRegistry [main] Creating shared instance of singleton bean 'org.springframework.context.annotation.internalAutowiredAnnotationProcessor'
2025-06-08 11:22:51,859 DEBUG o.s.b.f.s.DefaultSingletonBeanRegistry [main] Creating shared instance of singleton bean 'account'
2025-06-08 11:22:51,861 DEBUG o.s.b.f.s.DefaultSingletonBeanRegistry [main] Creating shared instance of singleton bean 'applicationConfig'
2025-06-08 11:22:51,862 DEBUG o.s.b.f.s.DefaultSingletonBeanRegistry [main] Creating shared instance of singleton bean 'date'
2025-06-08 11:22:51,870 INFO c.s.j.Main [main] 1310282496
2025-06-08 11:22:51,871 INFO c.s.j.Main [main] 1310282496
2025-06-08 11:22:51,871 INFO c.s.j.Main [main] 1310282496
2025-06-08 11:22:51,871 INFO c.s.j.Main [main] 1310282496
2025-06-08 11:22:55,027 DEBUG o.s.c.a.ClassPathScanningCandidateComponentProvider [main] Identified candidate component class: file [/Applications/Projects/springcoreproject/build/classes/java/main/com/springcore/annotation/bean/Account.class]
2025-06-08 11:22:55,032 DEBUG o.s.c.a.ClassPathScanningCandidateComponentProvider [main] Identified candidate component class: file [/Applications/Projects/springcoreproject/build/classes/java/main/com/springcore/javabasedconfig/ApplicationConfig.class]
2025-06-08 11:22:55,036 DEBUG o.s.c.s.AbstractApplicationContext [main] Refreshing org.springframework.context.annotation.AnnotationConfigApplicationContext@1e683a3e
2025-06-08 11:22:55,043 DEBUG o.s.b.f.s.DefaultSingletonBeanRegistry [main] Creating shared instance of singleton bean 'org.springframework.context.annotation.internalConfigurationAnnotationProcessor'
2025-06-08 11:22:55,094 DEBUG o.s.b.f.s.DefaultSingletonBeanRegistry [main] Creating shared instance of singleton bean 'org.springframework.context.event.internalEventListenerProcessor'
2025-06-08 11:22:55,095 DEBUG o.s.b.f.s.DefaultSingletonBeanRegistry [main] Creating shared instance of singleton bean 'org.springframework.context.event.internalEventListenerFactory'
2025-06-08 11:22:55,095 DEBUG o.s.b.f.s.DefaultSingletonBeanRegistry [main] Creating shared instance of singleton bean 'org.springframework.context.annotation.internalAutowiredAnnotationProcessor'
2025-06-08 11:22:55,097 DEBUG o.s.b.f.s.DefaultSingletonBeanRegistry [main] Creating shared instance of singleton bean 'account'
2025-06-08 11:22:55,098 DEBUG o.s.b.f.s.DefaultSingletonBeanRegistry [main] Creating shared instance of singleton bean 'applicationConfig'
2025-06-08 11:22:55,099 DEBUG o.s.b.f.s.DefaultSingletonBeanRegistry [main] Creating shared instance of singleton bean 'date'
2025-06-08 11:22:55,107 INFO c.s.j.Main [main] 1310285483
2025-06-08 11:22:55,107 INFO c.s.j.Main [main] 1310285483
2025-06-08 11:22:55,107 INFO c.s.j.Main [main] 1310285483
2025-06-08 11:22:55,108 INFO c.s.j.Main [main] 1310285483
2025-06-08 11:23:15,319 DEBUG o.s.c.a.ClassPathScanningCandidateComponentProvider [main] Identified candidate component class: file [/Applications/Projects/springcoreproject/build/classes/java/main/com/springcore/annotation/bean/Account.class]
2025-06-08 11:23:15,325 DEBUG o.s.c.a.ClassPathScanningCandidateComponentProvider [main] Identified candidate component class: file [/Applications/Projects/springcoreproject/build/classes/java/main/com/springcore/javabasedconfig/ApplicationConfig.class]
2025-06-08 11:23:15,333 DEBUG o.s.c.s.AbstractApplicationContext [main] Refreshing org.springframework.context.annotation.AnnotationConfigApplicationContext@1e683a3e
2025-06-08 11:23:15,344 DEBUG o.s.b.f.s.DefaultSingletonBeanRegistry [main] Creating shared instance of singleton bean 'org.springframework.context.annotation.internalConfigurationAnnotationProcessor'
2025-06-08 11:23:15,408 DEBUG o.s.b.f.s.DefaultSingletonBeanRegistry [main] Creating shared instance of singleton bean 'org.springframework.context.event.internalEventListenerProcessor'
2025-06-08 11:23:15,409 DEBUG o.s.b.f.s.DefaultSingletonBeanRegistry [main] Creating shared instance of singleton bean 'org.springframework.context.event.internalEventListenerFactory'
2025-06-08 11:23:15,409 DEBUG o.s.b.f.s.DefaultSingletonBeanRegistry [main] Creating shared instance of singleton bean 'org.springframework.context.annotation.internalAutowiredAnnotationProcessor'
2025-06-08 11:23:15,412 DEBUG o.s.b.f.s.DefaultSingletonBeanRegistry [main] Creating shared instance of singleton bean 'account'
2025-06-08 11:23:15,413 DEBUG o.s.b.f.s.DefaultSingletonBeanRegistry [main] Creating shared instance of singleton bean 'applicationConfig'
2025-06-08 11:23:15,414 DEBUG o.s.b.f.s.DefaultSingletonBeanRegistry [main] Creating shared instance of singleton bean 'date'
2025-06-08 11:23:15,423 INFO c.s.j.Main [main] 1310306048
2025-06-08 11:23:15,423 INFO c.s.j.Main [main] 1310306048
2025-06-08 11:23:15,424 INFO c.s.j.Main [main] 1310306048
2025-06-08 11:23:15,424 INFO c.s.j.Main [main] 1310306048
